<?xml version="1.0" encoding="UTF-8"?>
<!-- Generated by org.testng.reporters.JUnitXMLReporter -->
<testsuite hostname="110031-E7440" name="Default test" tests="6" failures="0" timestamp="12 Oct 2017 05:29:13 GMT" time="0.145" errors="0">
  <testcase name="@BeforeMethod initDriver" time="0.0" classname="com.tivo.mavrik.guidedsetup.tests.WelcomePageTest">
    <failure type="java.lang.NoSuchMethodError" message="org.openqa.selenium.os.CommandLine.find(Ljava/lang/String;)Ljava/lang/String;">
      <![CDATA[java.lang.NoSuchMethodError: org.openqa.selenium.os.CommandLine.find(Ljava/lang/String;)Ljava/lang/String;
	at org.openqa.selenium.phantomjs.PhantomJSDriverService.findPhantomJS(PhantomJSDriverService.java:232)
	at org.openqa.selenium.phantomjs.PhantomJSDriverService.createDefaultService(PhantomJSDriverService.java:181)
	at org.openqa.selenium.phantomjs.PhantomJSDriver.<init>(PhantomJSDriver.java:104)
	at org.openqa.selenium.phantomjs.PhantomJSDriver.<init>(PhantomJSDriver.java:94)
	at com.tivo.mavrik.guidedsetup.tests.GalenTestBase.createDriver(GalenTestBase.java:53)
	at com.galenframework.support.GalenJavaTestBase.initDriver(GalenJavaTestBase.java:139)
	at com.galenframework.testng.GalenTestNgTestBase.initDriver(GalenTestNgTestBase.java:49)
	at sun.reflect.NativeMethodAccessorImpl.invoke0(Native Method)
	at sun.reflect.NativeMethodAccessorImpl.invoke(NativeMethodAccessorImpl.java:62)
	at sun.reflect.DelegatingMethodAccessorImpl.invoke(DelegatingMethodAccessorImpl.java:43)
	at java.lang.reflect.Method.invoke(Method.java:498)
	at org.testng.internal.MethodInvocationHelper.invokeMethod(MethodInvocationHelper.java:80)
	at org.testng.internal.Invoker.invokeConfigurationMethod(Invoker.java:564)
	at org.testng.internal.Invoker.invokeConfigurations(Invoker.java:213)
	at org.testng.internal.Invoker.invokeMethod(Invoker.java:653)
	at org.testng.internal.Invoker.invokeTestMethod(Invoker.java:907)
	at org.testng.internal.Invoker.invokeTestMethods(Invoker.java:1237)
	at org.testng.internal.TestMethodWorker.invokeTestMethods(TestMethodWorker.java:127)
	at org.testng.internal.TestMethodWorker.run(TestMethodWorker.java:111)
	at org.testng.TestRunner.privateRun(TestRunner.java:767)
	at org.testng.TestRunner.run(TestRunner.java:617)
	at org.testng.SuiteRunner.runTest(SuiteRunner.java:334)
	at org.testng.SuiteRunner.runSequentially(SuiteRunner.java:329)
	at org.testng.SuiteRunner.privateRun(SuiteRunner.java:291)
	at org.testng.SuiteRunner.run(SuiteRunner.java:240)
	at org.testng.SuiteRunnerWorker.runSuite(SuiteRunnerWorker.java:51)
	at org.testng.SuiteRunnerWorker.run(SuiteRunnerWorker.java:85)
	at org.testng.TestNG.runSuitesSequentially(TestNG.java:1197)
	at org.testng.TestNG.runSuitesLocally(TestNG.java:1122)
	at org.testng.TestNG.run(TestNG.java:1030)
	at org.testng.remote.AbstractRemoteTestNG.run(AbstractRemoteTestNG.java:132)
	at org.testng.remote.RemoteTestNG.initAndRun(RemoteTestNG.java:230)
	at org.testng.remote.RemoteTestNG.main(RemoteTestNG.java:76)
]]>
    </failure>
  </testcase> <!-- @BeforeMethod initDriver -->
  <testcase name="@BeforeMethod initReport" time="0.0" classname="com.tivo.mavrik.guidedsetup.tests.WelcomePageTest">
    <skipped/>
  </testcase> <!-- @BeforeMethod initReport -->
  <testcase name="@AfterMethod provideTestEndDate" time="0.0" classname="com.tivo.mavrik.guidedsetup.tests.WelcomePageTest">
    <skipped/>
  </testcase> <!-- @AfterMethod provideTestEndDate -->
  <testcase name="@AfterMethod quitDriver" time="0.0" classname="com.tivo.mavrik.guidedsetup.tests.WelcomePageTest">
    <failure type="java.lang.RuntimeException" message="The driver is not instantiated yet">
      <![CDATA[java.lang.RuntimeException: The driver is not instantiated yet
	at com.galenframework.support.GalenJavaTestBase.getDriver(GalenJavaTestBase.java:163)
	at com.galenframework.support.GalenJavaTestBase.quitDriver(GalenJavaTestBase.java:152)
	at com.galenframework.testng.GalenTestNgTestBase.quitDriver(GalenTestNgTestBase.java:57)
	at sun.reflect.NativeMethodAccessorImpl.invoke0(Native Method)
	at sun.reflect.NativeMethodAccessorImpl.invoke(NativeMethodAccessorImpl.java:62)
	at sun.reflect.DelegatingMethodAccessorImpl.invoke(DelegatingMethodAccessorImpl.java:43)
	at java.lang.reflect.Method.invoke(Method.java:498)
	at org.testng.internal.MethodInvocationHelper.invokeMethod(MethodInvocationHelper.java:80)
	at org.testng.internal.Invoker.invokeConfigurationMethod(Invoker.java:564)
	at org.testng.internal.Invoker.invokeConfigurations(Invoker.java:213)
	at org.testng.internal.Invoker.invokeMethod(Invoker.java:796)
	at org.testng.internal.Invoker.invokeTestMethod(Invoker.java:907)
	at org.testng.internal.Invoker.invokeTestMethods(Invoker.java:1237)
	at org.testng.internal.TestMethodWorker.invokeTestMethods(TestMethodWorker.java:127)
	at org.testng.internal.TestMethodWorker.run(TestMethodWorker.java:111)
	at org.testng.TestRunner.privateRun(TestRunner.java:767)
	at org.testng.TestRunner.run(TestRunner.java:617)
	at org.testng.SuiteRunner.runTest(SuiteRunner.java:334)
	at org.testng.SuiteRunner.runSequentially(SuiteRunner.java:329)
	at org.testng.SuiteRunner.privateRun(SuiteRunner.java:291)
	at org.testng.SuiteRunner.run(SuiteRunner.java:240)
	at org.testng.SuiteRunnerWorker.runSuite(SuiteRunnerWorker.java:51)
	at org.testng.SuiteRunnerWorker.run(SuiteRunnerWorker.java:85)
	at org.testng.TestNG.runSuitesSequentially(TestNG.java:1197)
	at org.testng.TestNG.runSuitesLocally(TestNG.java:1122)
	at org.testng.TestNG.run(TestNG.java:1030)
	at org.testng.remote.AbstractRemoteTestNG.run(AbstractRemoteTestNG.java:132)
	at org.testng.remote.RemoteTestNG.initAndRun(RemoteTestNG.java:230)
	at org.testng.remote.RemoteTestNG.main(RemoteTestNG.java:76)
]]>
    </failure>
  </testcase> <!-- @AfterMethod quitDriver -->
  <testcase name="@BeforeMethod initDriver" time="0.0" classname="com.tivo.mavrik.guidedsetup.tests.WelcomePageTest">
    <skipped/>
  </testcase> <!-- @BeforeMethod initDriver -->
  <testcase name="@BeforeMethod initReport" time="0.0" classname="com.tivo.mavrik.guidedsetup.tests.WelcomePageTest">
    <skipped/>
  </testcase> <!-- @BeforeMethod initReport -->
  <testcase name="@AfterMethod provideTestEndDate" time="0.0" classname="com.tivo.mavrik.guidedsetup.tests.WelcomePageTest">
    <skipped/>
  </testcase> <!-- @AfterMethod provideTestEndDate -->
  <testcase name="@AfterMethod quitDriver" time="0.0" classname="com.tivo.mavrik.guidedsetup.tests.WelcomePageTest">
    <failure type="java.lang.RuntimeException" message="The driver is not instantiated yet">
      <![CDATA[java.lang.RuntimeException: The driver is not instantiated yet
	at com.galenframework.support.GalenJavaTestBase.getDriver(GalenJavaTestBase.java:163)
	at com.galenframework.support.GalenJavaTestBase.quitDriver(GalenJavaTestBase.java:152)
	at com.galenframework.testng.GalenTestNgTestBase.quitDriver(GalenTestNgTestBase.java:57)
	at sun.reflect.NativeMethodAccessorImpl.invoke0(Native Method)
	at sun.reflect.NativeMethodAccessorImpl.invoke(NativeMethodAccessorImpl.java:62)
	at sun.reflect.DelegatingMethodAccessorImpl.invoke(DelegatingMethodAccessorImpl.java:43)
	at java.lang.reflect.Method.invoke(Method.java:498)
	at org.testng.internal.MethodInvocationHelper.invokeMethod(MethodInvocationHelper.java:80)
	at org.testng.internal.Invoker.invokeConfigurationMethod(Invoker.java:564)
	at org.testng.internal.Invoker.invokeConfigurations(Invoker.java:213)
	at org.testng.internal.Invoker.invokeMethod(Invoker.java:796)
	at org.testng.internal.Invoker.invokeTestMethod(Invoker.java:907)
	at org.testng.internal.Invoker.invokeTestMethods(Invoker.java:1237)
	at org.testng.internal.TestMethodWorker.invokeTestMethods(TestMethodWorker.java:127)
	at org.testng.internal.TestMethodWorker.run(TestMethodWorker.java:111)
	at org.testng.TestRunner.privateRun(TestRunner.java:767)
	at org.testng.TestRunner.run(TestRunner.java:617)
	at org.testng.SuiteRunner.runTest(SuiteRunner.java:334)
	at org.testng.SuiteRunner.runSequentially(SuiteRunner.java:329)
	at org.testng.SuiteRunner.privateRun(SuiteRunner.java:291)
	at org.testng.SuiteRunner.run(SuiteRunner.java:240)
	at org.testng.SuiteRunnerWorker.runSuite(SuiteRunnerWorker.java:51)
	at org.testng.SuiteRunnerWorker.run(SuiteRunnerWorker.java:85)
	at org.testng.TestNG.runSuitesSequentially(TestNG.java:1197)
	at org.testng.TestNG.runSuitesLocally(TestNG.java:1122)
	at org.testng.TestNG.run(TestNG.java:1030)
	at org.testng.remote.AbstractRemoteTestNG.run(AbstractRemoteTestNG.java:132)
	at org.testng.remote.RemoteTestNG.initAndRun(RemoteTestNG.java:230)
	at org.testng.remote.RemoteTestNG.main(RemoteTestNG.java:76)
]]>
    </failure>
  </testcase> <!-- @AfterMethod quitDriver -->
  <testcase name="@BeforeMethod initDriver" time="0.0" classname="com.tivo.mavrik.guidedsetup.tests.WelcomePageTest">
    <skipped/>
  </testcase> <!-- @BeforeMethod initDriver -->
  <testcase name="@BeforeMethod initReport" time="0.0" classname="com.tivo.mavrik.guidedsetup.tests.WelcomePageTest">
    <skipped/>
  </testcase> <!-- @BeforeMethod initReport -->
  <testcase name="@AfterMethod provideTestEndDate" time="0.0" classname="com.tivo.mavrik.guidedsetup.tests.WelcomePageTest">
    <skipped/>
  </testcase> <!-- @AfterMethod provideTestEndDate -->
  <testcase name="@AfterMethod quitDriver" time="0.0" classname="com.tivo.mavrik.guidedsetup.tests.WelcomePageTest">
    <failure type="java.lang.RuntimeException" message="The driver is not instantiated yet">
      <![CDATA[java.lang.RuntimeException: The driver is not instantiated yet
	at com.galenframework.support.GalenJavaTestBase.getDriver(GalenJavaTestBase.java:163)
	at com.galenframework.support.GalenJavaTestBase.quitDriver(GalenJavaTestBase.java:152)
	at com.galenframework.testng.GalenTestNgTestBase.quitDriver(GalenTestNgTestBase.java:57)
	at sun.reflect.NativeMethodAccessorImpl.invoke0(Native Method)
	at sun.reflect.NativeMethodAccessorImpl.invoke(NativeMethodAccessorImpl.java:62)
	at sun.reflect.DelegatingMethodAccessorImpl.invoke(DelegatingMethodAccessorImpl.java:43)
	at java.lang.reflect.Method.invoke(Method.java:498)
	at org.testng.internal.MethodInvocationHelper.invokeMethod(MethodInvocationHelper.java:80)
	at org.testng.internal.Invoker.invokeConfigurationMethod(Invoker.java:564)
	at org.testng.internal.Invoker.invokeConfigurations(Invoker.java:213)
	at org.testng.internal.Invoker.invokeMethod(Invoker.java:796)
	at org.testng.internal.Invoker.invokeTestMethod(Invoker.java:907)
	at org.testng.internal.Invoker.invokeTestMethods(Invoker.java:1237)
	at org.testng.internal.TestMethodWorker.invokeTestMethods(TestMethodWorker.java:127)
	at org.testng.internal.TestMethodWorker.run(TestMethodWorker.java:111)
	at org.testng.TestRunner.privateRun(TestRunner.java:767)
	at org.testng.TestRunner.run(TestRunner.java:617)
	at org.testng.SuiteRunner.runTest(SuiteRunner.java:334)
	at org.testng.SuiteRunner.runSequentially(SuiteRunner.java:329)
	at org.testng.SuiteRunner.privateRun(SuiteRunner.java:291)
	at org.testng.SuiteRunner.run(SuiteRunner.java:240)
	at org.testng.SuiteRunnerWorker.runSuite(SuiteRunnerWorker.java:51)
	at org.testng.SuiteRunnerWorker.run(SuiteRunnerWorker.java:85)
	at org.testng.TestNG.runSuitesSequentially(TestNG.java:1197)
	at org.testng.TestNG.runSuitesLocally(TestNG.java:1122)
	at org.testng.TestNG.run(TestNG.java:1030)
	at org.testng.remote.AbstractRemoteTestNG.run(AbstractRemoteTestNG.java:132)
	at org.testng.remote.RemoteTestNG.initAndRun(RemoteTestNG.java:230)
	at org.testng.remote.RemoteTestNG.main(RemoteTestNG.java:76)
]]>
    </failure>
  </testcase> <!-- @AfterMethod quitDriver -->
  <testcase name="@BeforeMethod initDriver" time="0.0" classname="com.tivo.mavrik.guidedsetup.tests.WelcomePageTest">
    <skipped/>
  </testcase> <!-- @BeforeMethod initDriver -->
  <testcase name="@BeforeMethod initReport" time="0.0" classname="com.tivo.mavrik.guidedsetup.tests.WelcomePageTest">
    <skipped/>
  </testcase> <!-- @BeforeMethod initReport -->
  <testcase name="@AfterMethod provideTestEndDate" time="0.0" classname="com.tivo.mavrik.guidedsetup.tests.WelcomePageTest">
    <skipped/>
  </testcase> <!-- @AfterMethod provideTestEndDate -->
  <testcase name="@AfterMethod quitDriver" time="0.0" classname="com.tivo.mavrik.guidedsetup.tests.WelcomePageTest">
    <failure type="java.lang.RuntimeException" message="The driver is not instantiated yet">
      <![CDATA[java.lang.RuntimeException: The driver is not instantiated yet
	at com.galenframework.support.GalenJavaTestBase.getDriver(GalenJavaTestBase.java:163)
	at com.galenframework.support.GalenJavaTestBase.quitDriver(GalenJavaTestBase.java:152)
	at com.galenframework.testng.GalenTestNgTestBase.quitDriver(GalenTestNgTestBase.java:57)
	at sun.reflect.NativeMethodAccessorImpl.invoke0(Native Method)
	at sun.reflect.NativeMethodAccessorImpl.invoke(NativeMethodAccessorImpl.java:62)
	at sun.reflect.DelegatingMethodAccessorImpl.invoke(DelegatingMethodAccessorImpl.java:43)
	at java.lang.reflect.Method.invoke(Method.java:498)
	at org.testng.internal.MethodInvocationHelper.invokeMethod(MethodInvocationHelper.java:80)
	at org.testng.internal.Invoker.invokeConfigurationMethod(Invoker.java:564)
	at org.testng.internal.Invoker.invokeConfigurations(Invoker.java:213)
	at org.testng.internal.Invoker.invokeMethod(Invoker.java:796)
	at org.testng.internal.Invoker.invokeTestMethod(Invoker.java:907)
	at org.testng.internal.Invoker.invokeTestMethods(Invoker.java:1237)
	at org.testng.internal.TestMethodWorker.invokeTestMethods(TestMethodWorker.java:127)
	at org.testng.internal.TestMethodWorker.run(TestMethodWorker.java:111)
	at org.testng.TestRunner.privateRun(TestRunner.java:767)
	at org.testng.TestRunner.run(TestRunner.java:617)
	at org.testng.SuiteRunner.runTest(SuiteRunner.java:334)
	at org.testng.SuiteRunner.runSequentially(SuiteRunner.java:329)
	at org.testng.SuiteRunner.privateRun(SuiteRunner.java:291)
	at org.testng.SuiteRunner.run(SuiteRunner.java:240)
	at org.testng.SuiteRunnerWorker.runSuite(SuiteRunnerWorker.java:51)
	at org.testng.SuiteRunnerWorker.run(SuiteRunnerWorker.java:85)
	at org.testng.TestNG.runSuitesSequentially(TestNG.java:1197)
	at org.testng.TestNG.runSuitesLocally(TestNG.java:1122)
	at org.testng.TestNG.run(TestNG.java:1030)
	at org.testng.remote.AbstractRemoteTestNG.run(AbstractRemoteTestNG.java:132)
	at org.testng.remote.RemoteTestNG.initAndRun(RemoteTestNG.java:230)
	at org.testng.remote.RemoteTestNG.main(RemoteTestNG.java:76)
]]>
    </failure>
  </testcase> <!-- @AfterMethod quitDriver -->
  <testcase name="@BeforeMethod initDriver" time="0.0" classname="com.tivo.mavrik.guidedsetup.tests.CreateAccountPageTest">
    <skipped/>
  </testcase> <!-- @BeforeMethod initDriver -->
  <testcase name="@BeforeMethod initReport" time="0.0" classname="com.tivo.mavrik.guidedsetup.tests.CreateAccountPageTest">
    <skipped/>
  </testcase> <!-- @BeforeMethod initReport -->
  <testcase name="@AfterMethod provideTestEndDate" time="0.0" classname="com.tivo.mavrik.guidedsetup.tests.CreateAccountPageTest">
    <skipped/>
  </testcase> <!-- @AfterMethod provideTestEndDate -->
  <testcase name="@AfterMethod quitDriver" time="0.0" classname="com.tivo.mavrik.guidedsetup.tests.CreateAccountPageTest">
    <failure type="java.lang.RuntimeException" message="The driver is not instantiated yet">
      <![CDATA[java.lang.RuntimeException: The driver is not instantiated yet
	at com.galenframework.support.GalenJavaTestBase.getDriver(GalenJavaTestBase.java:163)
	at com.galenframework.support.GalenJavaTestBase.quitDriver(GalenJavaTestBase.java:152)
	at com.galenframework.testng.GalenTestNgTestBase.quitDriver(GalenTestNgTestBase.java:57)
	at sun.reflect.NativeMethodAccessorImpl.invoke0(Native Method)
	at sun.reflect.NativeMethodAccessorImpl.invoke(NativeMethodAccessorImpl.java:62)
	at sun.reflect.DelegatingMethodAccessorImpl.invoke(DelegatingMethodAccessorImpl.java:43)
	at java.lang.reflect.Method.invoke(Method.java:498)
	at org.testng.internal.MethodInvocationHelper.invokeMethod(MethodInvocationHelper.java:80)
	at org.testng.internal.Invoker.invokeConfigurationMethod(Invoker.java:564)
	at org.testng.internal.Invoker.invokeConfigurations(Invoker.java:213)
	at org.testng.internal.Invoker.invokeMethod(Invoker.java:796)
	at org.testng.internal.Invoker.invokeTestMethod(Invoker.java:907)
	at org.testng.internal.Invoker.invokeTestMethods(Invoker.java:1237)
	at org.testng.internal.TestMethodWorker.invokeTestMethods(TestMethodWorker.java:127)
	at org.testng.internal.TestMethodWorker.run(TestMethodWorker.java:111)
	at org.testng.TestRunner.privateRun(TestRunner.java:767)
	at org.testng.TestRunner.run(TestRunner.java:617)
	at org.testng.SuiteRunner.runTest(SuiteRunner.java:334)
	at org.testng.SuiteRunner.runSequentially(SuiteRunner.java:329)
	at org.testng.SuiteRunner.privateRun(SuiteRunner.java:291)
	at org.testng.SuiteRunner.run(SuiteRunner.java:240)
	at org.testng.SuiteRunnerWorker.runSuite(SuiteRunnerWorker.java:51)
	at org.testng.SuiteRunnerWorker.run(SuiteRunnerWorker.java:85)
	at org.testng.TestNG.runSuitesSequentially(TestNG.java:1197)
	at org.testng.TestNG.runSuitesLocally(TestNG.java:1122)
	at org.testng.TestNG.run(TestNG.java:1030)
	at org.testng.remote.AbstractRemoteTestNG.run(AbstractRemoteTestNG.java:132)
	at org.testng.remote.RemoteTestNG.initAndRun(RemoteTestNG.java:230)
	at org.testng.remote.RemoteTestNG.main(RemoteTestNG.java:76)
]]>
    </failure>
  </testcase> <!-- @AfterMethod quitDriver -->
  <testcase name="@BeforeMethod initDriver" time="0.0" classname="com.tivo.mavrik.guidedsetup.tests.WelcomePageTest">
    <skipped/>
  </testcase> <!-- @BeforeMethod initDriver -->
  <testcase name="@BeforeMethod initReport" time="0.0" classname="com.tivo.mavrik.guidedsetup.tests.WelcomePageTest">
    <skipped/>
  </testcase> <!-- @BeforeMethod initReport -->
  <testcase name="@AfterMethod provideTestEndDate" time="0.0" classname="com.tivo.mavrik.guidedsetup.tests.WelcomePageTest">
    <skipped/>
  </testcase> <!-- @AfterMethod provideTestEndDate -->
  <testcase name="@AfterMethod quitDriver" time="0.0" classname="com.tivo.mavrik.guidedsetup.tests.WelcomePageTest">
    <failure type="java.lang.RuntimeException" message="The driver is not instantiated yet">
      <![CDATA[java.lang.RuntimeException: The driver is not instantiated yet
	at com.galenframework.support.GalenJavaTestBase.getDriver(GalenJavaTestBase.java:163)
	at com.galenframework.support.GalenJavaTestBase.quitDriver(GalenJavaTestBase.java:152)
	at com.galenframework.testng.GalenTestNgTestBase.quitDriver(GalenTestNgTestBase.java:57)
	at sun.reflect.NativeMethodAccessorImpl.invoke0(Native Method)
	at sun.reflect.NativeMethodAccessorImpl.invoke(NativeMethodAccessorImpl.java:62)
	at sun.reflect.DelegatingMethodAccessorImpl.invoke(DelegatingMethodAccessorImpl.java:43)
	at java.lang.reflect.Method.invoke(Method.java:498)
	at org.testng.internal.MethodInvocationHelper.invokeMethod(MethodInvocationHelper.java:80)
	at org.testng.internal.Invoker.invokeConfigurationMethod(Invoker.java:564)
	at org.testng.internal.Invoker.invokeConfigurations(Invoker.java:213)
	at org.testng.internal.Invoker.invokeMethod(Invoker.java:796)
	at org.testng.internal.Invoker.invokeTestMethod(Invoker.java:907)
	at org.testng.internal.Invoker.invokeTestMethods(Invoker.java:1237)
	at org.testng.internal.TestMethodWorker.invokeTestMethods(TestMethodWorker.java:127)
	at org.testng.internal.TestMethodWorker.run(TestMethodWorker.java:111)
	at org.testng.TestRunner.privateRun(TestRunner.java:767)
	at org.testng.TestRunner.run(TestRunner.java:617)
	at org.testng.SuiteRunner.runTest(SuiteRunner.java:334)
	at org.testng.SuiteRunner.runSequentially(SuiteRunner.java:329)
	at org.testng.SuiteRunner.privateRun(SuiteRunner.java:291)
	at org.testng.SuiteRunner.run(SuiteRunner.java:240)
	at org.testng.SuiteRunnerWorker.runSuite(SuiteRunnerWorker.java:51)
	at org.testng.SuiteRunnerWorker.run(SuiteRunnerWorker.java:85)
	at org.testng.TestNG.runSuitesSequentially(TestNG.java:1197)
	at org.testng.TestNG.runSuitesLocally(TestNG.java:1122)
	at org.testng.TestNG.run(TestNG.java:1030)
	at org.testng.remote.AbstractRemoteTestNG.run(AbstractRemoteTestNG.java:132)
	at org.testng.remote.RemoteTestNG.initAndRun(RemoteTestNG.java:230)
	at org.testng.remote.RemoteTestNG.main(RemoteTestNG.java:76)
]]>
    </failure>
  </testcase> <!-- @AfterMethod quitDriver -->
  <testcase name="getCreateAccountPageDump" time="0.001" classname="com.tivo.mavrik.guidedsetup.tests.WelcomePageTest">
    <skipped/>
  </testcase> <!-- getCreateAccountPageDump -->
  <testcase name="getProductCatalogPageDump" time="0.002" classname="com.tivo.mavrik.guidedsetup.tests.WelcomePageTest">
    <skipped/>
  </testcase> <!-- getProductCatalogPageDump -->
  <testcase name="getShopProductPageDump" time="0.002" classname="com.tivo.mavrik.guidedsetup.tests.WelcomePageTest">
    <skipped/>
  </testcase> <!-- getShopProductPageDump -->
  <testcase name="verify_Header_Footer_alignment" time="0.0" classname="com.tivo.mavrik.guidedsetup.tests.WelcomePageTest">
    <skipped/>
  </testcase> <!-- verify_Header_Footer_alignment -->
  <testcase name="verifyCreateAccountPageElements" time="0.0" classname="com.tivo.mavrik.guidedsetup.tests.CreateAccountPageTest">
    <skipped/>
  </testcase> <!-- verifyCreateAccountPageElements -->
  <testcase name="WelcomePage_validation" time="0.0" classname="com.tivo.mavrik.guidedsetup.tests.WelcomePageTest">
    <skipped/>
  </testcase> <!-- WelcomePage_validation -->
</testsuite> <!-- Default test -->
