<html>
<head>
<title>TestNG:  Default test</title>
<link href="../testng.css" rel="stylesheet" type="text/css" />
<link href="../my-testng.css" rel="stylesheet" type="text/css" />

<style type="text/css">
.log { display: none;} 
.stack-trace { display: none;} 
</style>
<script type="text/javascript">
<!--
function flip(e) {
  current = e.style.display;
  if (current == 'block') {
    e.style.display = 'none';
    return 0;
  }
  else {
    e.style.display = 'block';
    return 1;
  }
}

function toggleBox(szDivId, elem, msg1, msg2)
{
  var res = -1;  if (document.getElementById) {
    res = flip(document.getElementById(szDivId));
  }
  else if (document.all) {
    // this is the way old msie versions work
    res = flip(document.all[szDivId]);
  }
  if(elem) {
    if(res == 0) elem.innerHTML = msg1; else elem.innerHTML = msg2;
  }

}

function toggleAllBoxes() {
  if (document.getElementsByTagName) {
    d = document.getElementsByTagName('div');
    for (i = 0; i < d.length; i++) {
      if (d[i].className == 'log') {
        flip(d[i]);
      }
    }
  }
}

// -->
</script>

</head>
<body>
<h2 align='center'>Default test</h2><table border='1' align="center">
<tr>
<td>Tests passed/Failed/Skipped:</td><td>0/0/6</td>
</tr><tr>
<td>Started on:</td><td>Wed Oct 11 22:29:13 PDT 2017</td>
</tr>
<tr><td>Total time:</td><td>0 seconds (145 ms)</td>
</tr><tr>
<td>Included groups:</td><td></td>
</tr><tr>
<td>Excluded groups:</td><td></td>
</tr>
</table><p/>
<small><i>(Hover the method name to see the test class name)</i></small><p/>
<table width='100%' border='1' class='invocation-failed'>
<tr><td colspan='4' align='center'><b>FAILED CONFIGURATIONS</b></td></tr>
<tr><td><b>Test method</b></td>
<td width="30%"><b>Exception</b></td>
<td width="10%"><b>Time (seconds)</b></td>
<td><b>Instance</b></td>
</tr>
<tr>
<td title='com.tivo.mavrik.guidedsetup.tests.WelcomePageTest.initDriver()'><b>initDriver</b><br>Test class: com.tivo.mavrik.guidedsetup.tests.WelcomePageTest<br>Parameters: [Ljava.lang.Object;@fad74ee</td>
<td><div><pre>java.lang.NoSuchMethodError: org.openqa.selenium.os.CommandLine.find(Ljava/lang/String;)Ljava/lang/String;
	at org.openqa.selenium.phantomjs.PhantomJSDriverService.findPhantomJS(PhantomJSDriverService.java:232)
	at org.openqa.selenium.phantomjs.PhantomJSDriverService.createDefaultService(PhantomJSDriverService.java:181)
	at org.openqa.selenium.phantomjs.PhantomJSDriver.&lt;init&gt;(PhantomJSDriver.java:104)
	at org.openqa.selenium.phantomjs.PhantomJSDriver.&lt;init&gt;(PhantomJSDriver.java:94)
	at com.tivo.mavrik.guidedsetup.tests.GalenTestBase.createDriver(GalenTestBase.java:53)
	at com.galenframework.support.GalenJavaTestBase.initDriver(GalenJavaTestBase.java:139)
	at com.galenframework.testng.GalenTestNgTestBase.initDriver(GalenTestNgTestBase.java:49)
	at sun.reflect.NativeMethodAccessorImpl.invoke0(Native Method)
	at sun.reflect.NativeMethodAccessorImpl.invoke(NativeMethodAccessorImpl.java:62)
	at sun.reflect.DelegatingMethodAccessorImpl.invoke(DelegatingMethodAccessorImpl.java:43)
	at java.lang.reflect.Method.invoke(Method.java:498)
	at org.testng.internal.MethodInvocationHelper.invokeMethod(MethodInvocationHelper.java:80)
	at org.testng.internal.Invoker.invokeConfigurationMethod(Invoker.java:564)
	at org.testng.internal.Invoker.invokeConfigurations(Invoker.java:213)
	at org.testng.internal.Invoker.invokeMethod(Invoker.java:653)
	at org.testng.internal.Invoker.invokeTestMethod(Invoker.java:907)
	at org.testng.internal.Invoker.invokeTestMethods(Invoker.java:1237)
	at org.testng.internal.TestMethodWorker.invokeTestMethods(TestMethodWorker.java:127)
	at org.testng.internal.TestMethodWorker.run(TestMethodWorker.java:111)
	at org.testng.TestRunner.privateRun(TestRunner.java:767)
	at org.testng.TestRunner.run(TestRunner.java:617)
	at org.testng.SuiteRunner.runTest(SuiteRunner.java:334)
	at org.testng.SuiteRunner.runSequentially(SuiteRunner.java:329)
	at org.testng.SuiteRunner.privateRun(SuiteRunner.java:291)
	at org.testng.SuiteRunner.run(SuiteRunner.java:240)
	at org.testng.SuiteRunnerWorker.runSuite(SuiteRunnerWorker.java:51)
	at org.testng.SuiteRunnerWorker.run(SuiteRunnerWorker.java:85)
	at org.testng.TestNG.runSuitesSequentially(TestNG.java:1197)
	at org.testng.TestNG.runSuitesLocally(TestNG.java:1122)
	at org.testng.TestNG.run(TestNG.java:1030)
	at org.testng.remote.AbstractRemoteTestNG.run(AbstractRemoteTestNG.java:132)
	at org.testng.remote.RemoteTestNG.initAndRun(RemoteTestNG.java:230)
	at org.testng.remote.RemoteTestNG.main(RemoteTestNG.java:76)
</pre></div><a href='#' onClick='toggleBox("stack-trace32863545", this, "Click to show all stack frames", "Click to hide stack frames")'>Click to show all stack frames</a>
<div class='stack-trace' id='stack-trace32863545'><pre>java.lang.NoSuchMethodError: org.openqa.selenium.os.CommandLine.find(Ljava/lang/String;)Ljava/lang/String;
	at org.openqa.selenium.phantomjs.PhantomJSDriverService.findPhantomJS(PhantomJSDriverService.java:232)
	at org.openqa.selenium.phantomjs.PhantomJSDriverService.createDefaultService(PhantomJSDriverService.java:181)
	at org.openqa.selenium.phantomjs.PhantomJSDriver.&lt;init&gt;(PhantomJSDriver.java:104)
	at org.openqa.selenium.phantomjs.PhantomJSDriver.&lt;init&gt;(PhantomJSDriver.java:94)
	at com.tivo.mavrik.guidedsetup.tests.GalenTestBase.createDriver(GalenTestBase.java:53)
	at com.galenframework.support.GalenJavaTestBase.initDriver(GalenJavaTestBase.java:139)
	at com.galenframework.testng.GalenTestNgTestBase.initDriver(GalenTestNgTestBase.java:49)
	at sun.reflect.NativeMethodAccessorImpl.invoke0(Native Method)
	at sun.reflect.NativeMethodAccessorImpl.invoke(NativeMethodAccessorImpl.java:62)
	at sun.reflect.DelegatingMethodAccessorImpl.invoke(DelegatingMethodAccessorImpl.java:43)
	at java.lang.reflect.Method.invoke(Method.java:498)
	at org.testng.internal.MethodInvocationHelper.invokeMethod(MethodInvocationHelper.java:80)
	at org.testng.internal.Invoker.invokeConfigurationMethod(Invoker.java:564)
	at org.testng.internal.Invoker.invokeConfigurations(Invoker.java:213)
	at org.testng.internal.Invoker.invokeMethod(Invoker.java:653)
	at org.testng.internal.Invoker.invokeTestMethod(Invoker.java:907)
	at org.testng.internal.Invoker.invokeTestMethods(Invoker.java:1237)
	at org.testng.internal.TestMethodWorker.invokeTestMethods(TestMethodWorker.java:127)
	at org.testng.internal.TestMethodWorker.run(TestMethodWorker.java:111)
	at org.testng.TestRunner.privateRun(TestRunner.java:767)
	at org.testng.TestRunner.run(TestRunner.java:617)
	at org.testng.SuiteRunner.runTest(SuiteRunner.java:334)
	at org.testng.SuiteRunner.runSequentially(SuiteRunner.java:329)
	at org.testng.SuiteRunner.privateRun(SuiteRunner.java:291)
	at org.testng.SuiteRunner.run(SuiteRunner.java:240)
	at org.testng.SuiteRunnerWorker.runSuite(SuiteRunnerWorker.java:51)
	at org.testng.SuiteRunnerWorker.run(SuiteRunnerWorker.java:85)
	at org.testng.TestNG.runSuitesSequentially(TestNG.java:1197)
	at org.testng.TestNG.runSuitesLocally(TestNG.java:1122)
	at org.testng.TestNG.run(TestNG.java:1030)
	at org.testng.remote.AbstractRemoteTestNG.run(AbstractRemoteTestNG.java:132)
	at org.testng.remote.RemoteTestNG.initAndRun(RemoteTestNG.java:230)
	at org.testng.remote.RemoteTestNG.main(RemoteTestNG.java:76)
</pre></div></td>
<td>0</td>
<td>com.tivo.mavrik.guidedsetup.tests.WelcomePageTest@68c4039c</td></tr>
<tr>
<td title='com.tivo.mavrik.guidedsetup.tests.WelcomePageTest.quitDriver()'><b>quitDriver</b><br>Test class: com.tivo.mavrik.guidedsetup.tests.WelcomePageTest</td>
<td><div><pre>java.lang.RuntimeException: The driver is not instantiated yet
	at com.galenframework.support.GalenJavaTestBase.getDriver(GalenJavaTestBase.java:163)
	at com.galenframework.support.GalenJavaTestBase.quitDriver(GalenJavaTestBase.java:152)
	at com.galenframework.testng.GalenTestNgTestBase.quitDriver(GalenTestNgTestBase.java:57)
	at sun.reflect.NativeMethodAccessorImpl.invoke0(Native Method)
	at sun.reflect.NativeMethodAccessorImpl.invoke(NativeMethodAccessorImpl.java:62)
	at sun.reflect.DelegatingMethodAccessorImpl.invoke(DelegatingMethodAccessorImpl.java:43)
	at java.lang.reflect.Method.invoke(Method.java:498)
	at org.testng.internal.MethodInvocationHelper.invokeMethod(MethodInvocationHelper.java:80)
	at org.testng.internal.Invoker.invokeConfigurationMethod(Invoker.java:564)
	at org.testng.internal.Invoker.invokeConfigurations(Invoker.java:213)
	at org.testng.internal.Invoker.invokeMethod(Invoker.java:796)
	at org.testng.internal.Invoker.invokeTestMethod(Invoker.java:907)
	at org.testng.internal.Invoker.invokeTestMethods(Invoker.java:1237)
	at org.testng.internal.TestMethodWorker.invokeTestMethods(TestMethodWorker.java:127)
	at org.testng.internal.TestMethodWorker.run(TestMethodWorker.java:111)
	at org.testng.TestRunner.privateRun(TestRunner.java:767)
	at org.testng.TestRunner.run(TestRunner.java:617)
	at org.testng.SuiteRunner.runTest(SuiteRunner.java:334)
	at org.testng.SuiteRunner.runSequentially(SuiteRunner.java:329)
	at org.testng.SuiteRunner.privateRun(SuiteRunner.java:291)
	at org.testng.SuiteRunner.run(SuiteRunner.java:240)
	at org.testng.SuiteRunnerWorker.runSuite(SuiteRunnerWorker.java:51)
	at org.testng.SuiteRunnerWorker.run(SuiteRunnerWorker.java:85)
	at org.testng.TestNG.runSuitesSequentially(TestNG.java:1197)
	at org.testng.TestNG.runSuitesLocally(TestNG.java:1122)
	at org.testng.TestNG.run(TestNG.java:1030)
	at org.testng.remote.AbstractRemoteTestNG.run(AbstractRemoteTestNG.java:132)
	at org.testng.remote.RemoteTestNG.initAndRun(RemoteTestNG.java:230)
	at org.testng.remote.RemoteTestNG.main(RemoteTestNG.java:76)
</pre></div><a href='#' onClick='toggleBox("stack-trace1605283233", this, "Click to show all stack frames", "Click to hide stack frames")'>Click to show all stack frames</a>
<div class='stack-trace' id='stack-trace1605283233'><pre>java.lang.RuntimeException: The driver is not instantiated yet
	at com.galenframework.support.GalenJavaTestBase.getDriver(GalenJavaTestBase.java:163)
	at com.galenframework.support.GalenJavaTestBase.quitDriver(GalenJavaTestBase.java:152)
	at com.galenframework.testng.GalenTestNgTestBase.quitDriver(GalenTestNgTestBase.java:57)
	at sun.reflect.NativeMethodAccessorImpl.invoke0(Native Method)
	at sun.reflect.NativeMethodAccessorImpl.invoke(NativeMethodAccessorImpl.java:62)
	at sun.reflect.DelegatingMethodAccessorImpl.invoke(DelegatingMethodAccessorImpl.java:43)
	at java.lang.reflect.Method.invoke(Method.java:498)
	at org.testng.internal.MethodInvocationHelper.invokeMethod(MethodInvocationHelper.java:80)
	at org.testng.internal.Invoker.invokeConfigurationMethod(Invoker.java:564)
	at org.testng.internal.Invoker.invokeConfigurations(Invoker.java:213)
	at org.testng.internal.Invoker.invokeMethod(Invoker.java:796)
	at org.testng.internal.Invoker.invokeTestMethod(Invoker.java:907)
	at org.testng.internal.Invoker.invokeTestMethods(Invoker.java:1237)
	at org.testng.internal.TestMethodWorker.invokeTestMethods(TestMethodWorker.java:127)
	at org.testng.internal.TestMethodWorker.run(TestMethodWorker.java:111)
	at org.testng.TestRunner.privateRun(TestRunner.java:767)
	at org.testng.TestRunner.run(TestRunner.java:617)
	at org.testng.SuiteRunner.runTest(SuiteRunner.java:334)
	at org.testng.SuiteRunner.runSequentially(SuiteRunner.java:329)
	at org.testng.SuiteRunner.privateRun(SuiteRunner.java:291)
	at org.testng.SuiteRunner.run(SuiteRunner.java:240)
	at org.testng.SuiteRunnerWorker.runSuite(SuiteRunnerWorker.java:51)
	at org.testng.SuiteRunnerWorker.run(SuiteRunnerWorker.java:85)
	at org.testng.TestNG.runSuitesSequentially(TestNG.java:1197)
	at org.testng.TestNG.runSuitesLocally(TestNG.java:1122)
	at org.testng.TestNG.run(TestNG.java:1030)
	at org.testng.remote.AbstractRemoteTestNG.run(AbstractRemoteTestNG.java:132)
	at org.testng.remote.RemoteTestNG.initAndRun(RemoteTestNG.java:230)
	at org.testng.remote.RemoteTestNG.main(RemoteTestNG.java:76)
</pre></div></td>
<td>0</td>
<td>com.tivo.mavrik.guidedsetup.tests.WelcomePageTest@68c4039c</td></tr>
<tr>
<td title='com.tivo.mavrik.guidedsetup.tests.WelcomePageTest.quitDriver()'><b>quitDriver</b><br>Test class: com.tivo.mavrik.guidedsetup.tests.WelcomePageTest</td>
<td><div><pre>java.lang.RuntimeException: The driver is not instantiated yet
	at com.galenframework.support.GalenJavaTestBase.getDriver(GalenJavaTestBase.java:163)
	at com.galenframework.support.GalenJavaTestBase.quitDriver(GalenJavaTestBase.java:152)
	at com.galenframework.testng.GalenTestNgTestBase.quitDriver(GalenTestNgTestBase.java:57)
	at sun.reflect.NativeMethodAccessorImpl.invoke0(Native Method)
	at sun.reflect.NativeMethodAccessorImpl.invoke(NativeMethodAccessorImpl.java:62)
	at sun.reflect.DelegatingMethodAccessorImpl.invoke(DelegatingMethodAccessorImpl.java:43)
	at java.lang.reflect.Method.invoke(Method.java:498)
	at org.testng.internal.MethodInvocationHelper.invokeMethod(MethodInvocationHelper.java:80)
	at org.testng.internal.Invoker.invokeConfigurationMethod(Invoker.java:564)
	at org.testng.internal.Invoker.invokeConfigurations(Invoker.java:213)
	at org.testng.internal.Invoker.invokeMethod(Invoker.java:796)
	at org.testng.internal.Invoker.invokeTestMethod(Invoker.java:907)
	at org.testng.internal.Invoker.invokeTestMethods(Invoker.java:1237)
	at org.testng.internal.TestMethodWorker.invokeTestMethods(TestMethodWorker.java:127)
	at org.testng.internal.TestMethodWorker.run(TestMethodWorker.java:111)
	at org.testng.TestRunner.privateRun(TestRunner.java:767)
	at org.testng.TestRunner.run(TestRunner.java:617)
	at org.testng.SuiteRunner.runTest(SuiteRunner.java:334)
	at org.testng.SuiteRunner.runSequentially(SuiteRunner.java:329)
	at org.testng.SuiteRunner.privateRun(SuiteRunner.java:291)
	at org.testng.SuiteRunner.run(SuiteRunner.java:240)
	at org.testng.SuiteRunnerWorker.runSuite(SuiteRunnerWorker.java:51)
	at org.testng.SuiteRunnerWorker.run(SuiteRunnerWorker.java:85)
	at org.testng.TestNG.runSuitesSequentially(TestNG.java:1197)
	at org.testng.TestNG.runSuitesLocally(TestNG.java:1122)
	at org.testng.TestNG.run(TestNG.java:1030)
	at org.testng.remote.AbstractRemoteTestNG.run(AbstractRemoteTestNG.java:132)
	at org.testng.remote.RemoteTestNG.initAndRun(RemoteTestNG.java:230)
	at org.testng.remote.RemoteTestNG.main(RemoteTestNG.java:76)
</pre></div><a href='#' onClick='toggleBox("stack-trace868737467", this, "Click to show all stack frames", "Click to hide stack frames")'>Click to show all stack frames</a>
<div class='stack-trace' id='stack-trace868737467'><pre>java.lang.RuntimeException: The driver is not instantiated yet
	at com.galenframework.support.GalenJavaTestBase.getDriver(GalenJavaTestBase.java:163)
	at com.galenframework.support.GalenJavaTestBase.quitDriver(GalenJavaTestBase.java:152)
	at com.galenframework.testng.GalenTestNgTestBase.quitDriver(GalenTestNgTestBase.java:57)
	at sun.reflect.NativeMethodAccessorImpl.invoke0(Native Method)
	at sun.reflect.NativeMethodAccessorImpl.invoke(NativeMethodAccessorImpl.java:62)
	at sun.reflect.DelegatingMethodAccessorImpl.invoke(DelegatingMethodAccessorImpl.java:43)
	at java.lang.reflect.Method.invoke(Method.java:498)
	at org.testng.internal.MethodInvocationHelper.invokeMethod(MethodInvocationHelper.java:80)
	at org.testng.internal.Invoker.invokeConfigurationMethod(Invoker.java:564)
	at org.testng.internal.Invoker.invokeConfigurations(Invoker.java:213)
	at org.testng.internal.Invoker.invokeMethod(Invoker.java:796)
	at org.testng.internal.Invoker.invokeTestMethod(Invoker.java:907)
	at org.testng.internal.Invoker.invokeTestMethods(Invoker.java:1237)
	at org.testng.internal.TestMethodWorker.invokeTestMethods(TestMethodWorker.java:127)
	at org.testng.internal.TestMethodWorker.run(TestMethodWorker.java:111)
	at org.testng.TestRunner.privateRun(TestRunner.java:767)
	at org.testng.TestRunner.run(TestRunner.java:617)
	at org.testng.SuiteRunner.runTest(SuiteRunner.java:334)
	at org.testng.SuiteRunner.runSequentially(SuiteRunner.java:329)
	at org.testng.SuiteRunner.privateRun(SuiteRunner.java:291)
	at org.testng.SuiteRunner.run(SuiteRunner.java:240)
	at org.testng.SuiteRunnerWorker.runSuite(SuiteRunnerWorker.java:51)
	at org.testng.SuiteRunnerWorker.run(SuiteRunnerWorker.java:85)
	at org.testng.TestNG.runSuitesSequentially(TestNG.java:1197)
	at org.testng.TestNG.runSuitesLocally(TestNG.java:1122)
	at org.testng.TestNG.run(TestNG.java:1030)
	at org.testng.remote.AbstractRemoteTestNG.run(AbstractRemoteTestNG.java:132)
	at org.testng.remote.RemoteTestNG.initAndRun(RemoteTestNG.java:230)
	at org.testng.remote.RemoteTestNG.main(RemoteTestNG.java:76)
</pre></div></td>
<td>0</td>
<td>com.tivo.mavrik.guidedsetup.tests.WelcomePageTest@68c4039c</td></tr>
<tr>
<td title='com.tivo.mavrik.guidedsetup.tests.WelcomePageTest.quitDriver()'><b>quitDriver</b><br>Test class: com.tivo.mavrik.guidedsetup.tests.WelcomePageTest</td>
<td><div><pre>java.lang.RuntimeException: The driver is not instantiated yet
	at com.galenframework.support.GalenJavaTestBase.getDriver(GalenJavaTestBase.java:163)
	at com.galenframework.support.GalenJavaTestBase.quitDriver(GalenJavaTestBase.java:152)
	at com.galenframework.testng.GalenTestNgTestBase.quitDriver(GalenTestNgTestBase.java:57)
	at sun.reflect.NativeMethodAccessorImpl.invoke0(Native Method)
	at sun.reflect.NativeMethodAccessorImpl.invoke(NativeMethodAccessorImpl.java:62)
	at sun.reflect.DelegatingMethodAccessorImpl.invoke(DelegatingMethodAccessorImpl.java:43)
	at java.lang.reflect.Method.invoke(Method.java:498)
	at org.testng.internal.MethodInvocationHelper.invokeMethod(MethodInvocationHelper.java:80)
	at org.testng.internal.Invoker.invokeConfigurationMethod(Invoker.java:564)
	at org.testng.internal.Invoker.invokeConfigurations(Invoker.java:213)
	at org.testng.internal.Invoker.invokeMethod(Invoker.java:796)
	at org.testng.internal.Invoker.invokeTestMethod(Invoker.java:907)
	at org.testng.internal.Invoker.invokeTestMethods(Invoker.java:1237)
	at org.testng.internal.TestMethodWorker.invokeTestMethods(TestMethodWorker.java:127)
	at org.testng.internal.TestMethodWorker.run(TestMethodWorker.java:111)
	at org.testng.TestRunner.privateRun(TestRunner.java:767)
	at org.testng.TestRunner.run(TestRunner.java:617)
	at org.testng.SuiteRunner.runTest(SuiteRunner.java:334)
	at org.testng.SuiteRunner.runSequentially(SuiteRunner.java:329)
	at org.testng.SuiteRunner.privateRun(SuiteRunner.java:291)
	at org.testng.SuiteRunner.run(SuiteRunner.java:240)
	at org.testng.SuiteRunnerWorker.runSuite(SuiteRunnerWorker.java:51)
	at org.testng.SuiteRunnerWorker.run(SuiteRunnerWorker.java:85)
	at org.testng.TestNG.runSuitesSequentially(TestNG.java:1197)
	at org.testng.TestNG.runSuitesLocally(TestNG.java:1122)
	at org.testng.TestNG.run(TestNG.java:1030)
	at org.testng.remote.AbstractRemoteTestNG.run(AbstractRemoteTestNG.java:132)
	at org.testng.remote.RemoteTestNG.initAndRun(RemoteTestNG.java:230)
	at org.testng.remote.RemoteTestNG.main(RemoteTestNG.java:76)
</pre></div><a href='#' onClick='toggleBox("stack-trace809762318", this, "Click to show all stack frames", "Click to hide stack frames")'>Click to show all stack frames</a>
<div class='stack-trace' id='stack-trace809762318'><pre>java.lang.RuntimeException: The driver is not instantiated yet
	at com.galenframework.support.GalenJavaTestBase.getDriver(GalenJavaTestBase.java:163)
	at com.galenframework.support.GalenJavaTestBase.quitDriver(GalenJavaTestBase.java:152)
	at com.galenframework.testng.GalenTestNgTestBase.quitDriver(GalenTestNgTestBase.java:57)
	at sun.reflect.NativeMethodAccessorImpl.invoke0(Native Method)
	at sun.reflect.NativeMethodAccessorImpl.invoke(NativeMethodAccessorImpl.java:62)
	at sun.reflect.DelegatingMethodAccessorImpl.invoke(DelegatingMethodAccessorImpl.java:43)
	at java.lang.reflect.Method.invoke(Method.java:498)
	at org.testng.internal.MethodInvocationHelper.invokeMethod(MethodInvocationHelper.java:80)
	at org.testng.internal.Invoker.invokeConfigurationMethod(Invoker.java:564)
	at org.testng.internal.Invoker.invokeConfigurations(Invoker.java:213)
	at org.testng.internal.Invoker.invokeMethod(Invoker.java:796)
	at org.testng.internal.Invoker.invokeTestMethod(Invoker.java:907)
	at org.testng.internal.Invoker.invokeTestMethods(Invoker.java:1237)
	at org.testng.internal.TestMethodWorker.invokeTestMethods(TestMethodWorker.java:127)
	at org.testng.internal.TestMethodWorker.run(TestMethodWorker.java:111)
	at org.testng.TestRunner.privateRun(TestRunner.java:767)
	at org.testng.TestRunner.run(TestRunner.java:617)
	at org.testng.SuiteRunner.runTest(SuiteRunner.java:334)
	at org.testng.SuiteRunner.runSequentially(SuiteRunner.java:329)
	at org.testng.SuiteRunner.privateRun(SuiteRunner.java:291)
	at org.testng.SuiteRunner.run(SuiteRunner.java:240)
	at org.testng.SuiteRunnerWorker.runSuite(SuiteRunnerWorker.java:51)
	at org.testng.SuiteRunnerWorker.run(SuiteRunnerWorker.java:85)
	at org.testng.TestNG.runSuitesSequentially(TestNG.java:1197)
	at org.testng.TestNG.runSuitesLocally(TestNG.java:1122)
	at org.testng.TestNG.run(TestNG.java:1030)
	at org.testng.remote.AbstractRemoteTestNG.run(AbstractRemoteTestNG.java:132)
	at org.testng.remote.RemoteTestNG.initAndRun(RemoteTestNG.java:230)
	at org.testng.remote.RemoteTestNG.main(RemoteTestNG.java:76)
</pre></div></td>
<td>0</td>
<td>com.tivo.mavrik.guidedsetup.tests.WelcomePageTest@68c4039c</td></tr>
<tr>
<td title='com.tivo.mavrik.guidedsetup.tests.WelcomePageTest.quitDriver()'><b>quitDriver</b><br>Test class: com.tivo.mavrik.guidedsetup.tests.WelcomePageTest</td>
<td><div><pre>java.lang.RuntimeException: The driver is not instantiated yet
	at com.galenframework.support.GalenJavaTestBase.getDriver(GalenJavaTestBase.java:163)
	at com.galenframework.support.GalenJavaTestBase.quitDriver(GalenJavaTestBase.java:152)
	at com.galenframework.testng.GalenTestNgTestBase.quitDriver(GalenTestNgTestBase.java:57)
	at sun.reflect.NativeMethodAccessorImpl.invoke0(Native Method)
	at sun.reflect.NativeMethodAccessorImpl.invoke(NativeMethodAccessorImpl.java:62)
	at sun.reflect.DelegatingMethodAccessorImpl.invoke(DelegatingMethodAccessorImpl.java:43)
	at java.lang.reflect.Method.invoke(Method.java:498)
	at org.testng.internal.MethodInvocationHelper.invokeMethod(MethodInvocationHelper.java:80)
	at org.testng.internal.Invoker.invokeConfigurationMethod(Invoker.java:564)
	at org.testng.internal.Invoker.invokeConfigurations(Invoker.java:213)
	at org.testng.internal.Invoker.invokeMethod(Invoker.java:796)
	at org.testng.internal.Invoker.invokeTestMethod(Invoker.java:907)
	at org.testng.internal.Invoker.invokeTestMethods(Invoker.java:1237)
	at org.testng.internal.TestMethodWorker.invokeTestMethods(TestMethodWorker.java:127)
	at org.testng.internal.TestMethodWorker.run(TestMethodWorker.java:111)
	at org.testng.TestRunner.privateRun(TestRunner.java:767)
	at org.testng.TestRunner.run(TestRunner.java:617)
	at org.testng.SuiteRunner.runTest(SuiteRunner.java:334)
	at org.testng.SuiteRunner.runSequentially(SuiteRunner.java:329)
	at org.testng.SuiteRunner.privateRun(SuiteRunner.java:291)
	at org.testng.SuiteRunner.run(SuiteRunner.java:240)
	at org.testng.SuiteRunnerWorker.runSuite(SuiteRunnerWorker.java:51)
	at org.testng.SuiteRunnerWorker.run(SuiteRunnerWorker.java:85)
	at org.testng.TestNG.runSuitesSequentially(TestNG.java:1197)
	at org.testng.TestNG.runSuitesLocally(TestNG.java:1122)
	at org.testng.TestNG.run(TestNG.java:1030)
	at org.testng.remote.AbstractRemoteTestNG.run(AbstractRemoteTestNG.java:132)
	at org.testng.remote.RemoteTestNG.initAndRun(RemoteTestNG.java:230)
	at org.testng.remote.RemoteTestNG.main(RemoteTestNG.java:76)
</pre></div><a href='#' onClick='toggleBox("stack-trace110771485", this, "Click to show all stack frames", "Click to hide stack frames")'>Click to show all stack frames</a>
<div class='stack-trace' id='stack-trace110771485'><pre>java.lang.RuntimeException: The driver is not instantiated yet
	at com.galenframework.support.GalenJavaTestBase.getDriver(GalenJavaTestBase.java:163)
	at com.galenframework.support.GalenJavaTestBase.quitDriver(GalenJavaTestBase.java:152)
	at com.galenframework.testng.GalenTestNgTestBase.quitDriver(GalenTestNgTestBase.java:57)
	at sun.reflect.NativeMethodAccessorImpl.invoke0(Native Method)
	at sun.reflect.NativeMethodAccessorImpl.invoke(NativeMethodAccessorImpl.java:62)
	at sun.reflect.DelegatingMethodAccessorImpl.invoke(DelegatingMethodAccessorImpl.java:43)
	at java.lang.reflect.Method.invoke(Method.java:498)
	at org.testng.internal.MethodInvocationHelper.invokeMethod(MethodInvocationHelper.java:80)
	at org.testng.internal.Invoker.invokeConfigurationMethod(Invoker.java:564)
	at org.testng.internal.Invoker.invokeConfigurations(Invoker.java:213)
	at org.testng.internal.Invoker.invokeMethod(Invoker.java:796)
	at org.testng.internal.Invoker.invokeTestMethod(Invoker.java:907)
	at org.testng.internal.Invoker.invokeTestMethods(Invoker.java:1237)
	at org.testng.internal.TestMethodWorker.invokeTestMethods(TestMethodWorker.java:127)
	at org.testng.internal.TestMethodWorker.run(TestMethodWorker.java:111)
	at org.testng.TestRunner.privateRun(TestRunner.java:767)
	at org.testng.TestRunner.run(TestRunner.java:617)
	at org.testng.SuiteRunner.runTest(SuiteRunner.java:334)
	at org.testng.SuiteRunner.runSequentially(SuiteRunner.java:329)
	at org.testng.SuiteRunner.privateRun(SuiteRunner.java:291)
	at org.testng.SuiteRunner.run(SuiteRunner.java:240)
	at org.testng.SuiteRunnerWorker.runSuite(SuiteRunnerWorker.java:51)
	at org.testng.SuiteRunnerWorker.run(SuiteRunnerWorker.java:85)
	at org.testng.TestNG.runSuitesSequentially(TestNG.java:1197)
	at org.testng.TestNG.runSuitesLocally(TestNG.java:1122)
	at org.testng.TestNG.run(TestNG.java:1030)
	at org.testng.remote.AbstractRemoteTestNG.run(AbstractRemoteTestNG.java:132)
	at org.testng.remote.RemoteTestNG.initAndRun(RemoteTestNG.java:230)
	at org.testng.remote.RemoteTestNG.main(RemoteTestNG.java:76)
</pre></div></td>
<td>0</td>
<td>com.tivo.mavrik.guidedsetup.tests.WelcomePageTest@68c4039c</td></tr>
<tr>
<td title='com.tivo.mavrik.guidedsetup.tests.CreateAccountPageTest.quitDriver()'><b>quitDriver</b><br>Test class: com.tivo.mavrik.guidedsetup.tests.CreateAccountPageTest</td>
<td><div><pre>java.lang.RuntimeException: The driver is not instantiated yet
	at com.galenframework.support.GalenJavaTestBase.getDriver(GalenJavaTestBase.java:163)
	at com.galenframework.support.GalenJavaTestBase.quitDriver(GalenJavaTestBase.java:152)
	at com.galenframework.testng.GalenTestNgTestBase.quitDriver(GalenTestNgTestBase.java:57)
	at sun.reflect.NativeMethodAccessorImpl.invoke0(Native Method)
	at sun.reflect.NativeMethodAccessorImpl.invoke(NativeMethodAccessorImpl.java:62)
	at sun.reflect.DelegatingMethodAccessorImpl.invoke(DelegatingMethodAccessorImpl.java:43)
	at java.lang.reflect.Method.invoke(Method.java:498)
	at org.testng.internal.MethodInvocationHelper.invokeMethod(MethodInvocationHelper.java:80)
	at org.testng.internal.Invoker.invokeConfigurationMethod(Invoker.java:564)
	at org.testng.internal.Invoker.invokeConfigurations(Invoker.java:213)
	at org.testng.internal.Invoker.invokeMethod(Invoker.java:796)
	at org.testng.internal.Invoker.invokeTestMethod(Invoker.java:907)
	at org.testng.internal.Invoker.invokeTestMethods(Invoker.java:1237)
	at org.testng.internal.TestMethodWorker.invokeTestMethods(TestMethodWorker.java:127)
	at org.testng.internal.TestMethodWorker.run(TestMethodWorker.java:111)
	at org.testng.TestRunner.privateRun(TestRunner.java:767)
	at org.testng.TestRunner.run(TestRunner.java:617)
	at org.testng.SuiteRunner.runTest(SuiteRunner.java:334)
	at org.testng.SuiteRunner.runSequentially(SuiteRunner.java:329)
	at org.testng.SuiteRunner.privateRun(SuiteRunner.java:291)
	at org.testng.SuiteRunner.run(SuiteRunner.java:240)
	at org.testng.SuiteRunnerWorker.runSuite(SuiteRunnerWorker.java:51)
	at org.testng.SuiteRunnerWorker.run(SuiteRunnerWorker.java:85)
	at org.testng.TestNG.runSuitesSequentially(TestNG.java:1197)
	at org.testng.TestNG.runSuitesLocally(TestNG.java:1122)
	at org.testng.TestNG.run(TestNG.java:1030)
	at org.testng.remote.AbstractRemoteTestNG.run(AbstractRemoteTestNG.java:132)
	at org.testng.remote.RemoteTestNG.initAndRun(RemoteTestNG.java:230)
	at org.testng.remote.RemoteTestNG.main(RemoteTestNG.java:76)
</pre></div><a href='#' onClick='toggleBox("stack-trace1018298342", this, "Click to show all stack frames", "Click to hide stack frames")'>Click to show all stack frames</a>
<div class='stack-trace' id='stack-trace1018298342'><pre>java.lang.RuntimeException: The driver is not instantiated yet
	at com.galenframework.support.GalenJavaTestBase.getDriver(GalenJavaTestBase.java:163)
	at com.galenframework.support.GalenJavaTestBase.quitDriver(GalenJavaTestBase.java:152)
	at com.galenframework.testng.GalenTestNgTestBase.quitDriver(GalenTestNgTestBase.java:57)
	at sun.reflect.NativeMethodAccessorImpl.invoke0(Native Method)
	at sun.reflect.NativeMethodAccessorImpl.invoke(NativeMethodAccessorImpl.java:62)
	at sun.reflect.DelegatingMethodAccessorImpl.invoke(DelegatingMethodAccessorImpl.java:43)
	at java.lang.reflect.Method.invoke(Method.java:498)
	at org.testng.internal.MethodInvocationHelper.invokeMethod(MethodInvocationHelper.java:80)
	at org.testng.internal.Invoker.invokeConfigurationMethod(Invoker.java:564)
	at org.testng.internal.Invoker.invokeConfigurations(Invoker.java:213)
	at org.testng.internal.Invoker.invokeMethod(Invoker.java:796)
	at org.testng.internal.Invoker.invokeTestMethod(Invoker.java:907)
	at org.testng.internal.Invoker.invokeTestMethods(Invoker.java:1237)
	at org.testng.internal.TestMethodWorker.invokeTestMethods(TestMethodWorker.java:127)
	at org.testng.internal.TestMethodWorker.run(TestMethodWorker.java:111)
	at org.testng.TestRunner.privateRun(TestRunner.java:767)
	at org.testng.TestRunner.run(TestRunner.java:617)
	at org.testng.SuiteRunner.runTest(SuiteRunner.java:334)
	at org.testng.SuiteRunner.runSequentially(SuiteRunner.java:329)
	at org.testng.SuiteRunner.privateRun(SuiteRunner.java:291)
	at org.testng.SuiteRunner.run(SuiteRunner.java:240)
	at org.testng.SuiteRunnerWorker.runSuite(SuiteRunnerWorker.java:51)
	at org.testng.SuiteRunnerWorker.run(SuiteRunnerWorker.java:85)
	at org.testng.TestNG.runSuitesSequentially(TestNG.java:1197)
	at org.testng.TestNG.runSuitesLocally(TestNG.java:1122)
	at org.testng.TestNG.run(TestNG.java:1030)
	at org.testng.remote.AbstractRemoteTestNG.run(AbstractRemoteTestNG.java:132)
	at org.testng.remote.RemoteTestNG.initAndRun(RemoteTestNG.java:230)
	at org.testng.remote.RemoteTestNG.main(RemoteTestNG.java:76)
</pre></div></td>
<td>0</td>
<td>com.tivo.mavrik.guidedsetup.tests.CreateAccountPageTest@224edc67</td></tr>
<tr>
<td title='com.tivo.mavrik.guidedsetup.tests.WelcomePageTest.quitDriver()'><b>quitDriver</b><br>Test class: com.tivo.mavrik.guidedsetup.tests.WelcomePageTest</td>
<td><div><pre>java.lang.RuntimeException: The driver is not instantiated yet
	at com.galenframework.support.GalenJavaTestBase.getDriver(GalenJavaTestBase.java:163)
	at com.galenframework.support.GalenJavaTestBase.quitDriver(GalenJavaTestBase.java:152)
	at com.galenframework.testng.GalenTestNgTestBase.quitDriver(GalenTestNgTestBase.java:57)
	at sun.reflect.NativeMethodAccessorImpl.invoke0(Native Method)
	at sun.reflect.NativeMethodAccessorImpl.invoke(NativeMethodAccessorImpl.java:62)
	at sun.reflect.DelegatingMethodAccessorImpl.invoke(DelegatingMethodAccessorImpl.java:43)
	at java.lang.reflect.Method.invoke(Method.java:498)
	at org.testng.internal.MethodInvocationHelper.invokeMethod(MethodInvocationHelper.java:80)
	at org.testng.internal.Invoker.invokeConfigurationMethod(Invoker.java:564)
	at org.testng.internal.Invoker.invokeConfigurations(Invoker.java:213)
	at org.testng.internal.Invoker.invokeMethod(Invoker.java:796)
	at org.testng.internal.Invoker.invokeTestMethod(Invoker.java:907)
	at org.testng.internal.Invoker.invokeTestMethods(Invoker.java:1237)
	at org.testng.internal.TestMethodWorker.invokeTestMethods(TestMethodWorker.java:127)
	at org.testng.internal.TestMethodWorker.run(TestMethodWorker.java:111)
	at org.testng.TestRunner.privateRun(TestRunner.java:767)
	at org.testng.TestRunner.run(TestRunner.java:617)
	at org.testng.SuiteRunner.runTest(SuiteRunner.java:334)
	at org.testng.SuiteRunner.runSequentially(SuiteRunner.java:329)
	at org.testng.SuiteRunner.privateRun(SuiteRunner.java:291)
	at org.testng.SuiteRunner.run(SuiteRunner.java:240)
	at org.testng.SuiteRunnerWorker.runSuite(SuiteRunnerWorker.java:51)
	at org.testng.SuiteRunnerWorker.run(SuiteRunnerWorker.java:85)
	at org.testng.TestNG.runSuitesSequentially(TestNG.java:1197)
	at org.testng.TestNG.runSuitesLocally(TestNG.java:1122)
	at org.testng.TestNG.run(TestNG.java:1030)
	at org.testng.remote.AbstractRemoteTestNG.run(AbstractRemoteTestNG.java:132)
	at org.testng.remote.RemoteTestNG.initAndRun(RemoteTestNG.java:230)
	at org.testng.remote.RemoteTestNG.main(RemoteTestNG.java:76)
</pre></div><a href='#' onClick='toggleBox("stack-trace813656972", this, "Click to show all stack frames", "Click to hide stack frames")'>Click to show all stack frames</a>
<div class='stack-trace' id='stack-trace813656972'><pre>java.lang.RuntimeException: The driver is not instantiated yet
	at com.galenframework.support.GalenJavaTestBase.getDriver(GalenJavaTestBase.java:163)
	at com.galenframework.support.GalenJavaTestBase.quitDriver(GalenJavaTestBase.java:152)
	at com.galenframework.testng.GalenTestNgTestBase.quitDriver(GalenTestNgTestBase.java:57)
	at sun.reflect.NativeMethodAccessorImpl.invoke0(Native Method)
	at sun.reflect.NativeMethodAccessorImpl.invoke(NativeMethodAccessorImpl.java:62)
	at sun.reflect.DelegatingMethodAccessorImpl.invoke(DelegatingMethodAccessorImpl.java:43)
	at java.lang.reflect.Method.invoke(Method.java:498)
	at org.testng.internal.MethodInvocationHelper.invokeMethod(MethodInvocationHelper.java:80)
	at org.testng.internal.Invoker.invokeConfigurationMethod(Invoker.java:564)
	at org.testng.internal.Invoker.invokeConfigurations(Invoker.java:213)
	at org.testng.internal.Invoker.invokeMethod(Invoker.java:796)
	at org.testng.internal.Invoker.invokeTestMethod(Invoker.java:907)
	at org.testng.internal.Invoker.invokeTestMethods(Invoker.java:1237)
	at org.testng.internal.TestMethodWorker.invokeTestMethods(TestMethodWorker.java:127)
	at org.testng.internal.TestMethodWorker.run(TestMethodWorker.java:111)
	at org.testng.TestRunner.privateRun(TestRunner.java:767)
	at org.testng.TestRunner.run(TestRunner.java:617)
	at org.testng.SuiteRunner.runTest(SuiteRunner.java:334)
	at org.testng.SuiteRunner.runSequentially(SuiteRunner.java:329)
	at org.testng.SuiteRunner.privateRun(SuiteRunner.java:291)
	at org.testng.SuiteRunner.run(SuiteRunner.java:240)
	at org.testng.SuiteRunnerWorker.runSuite(SuiteRunnerWorker.java:51)
	at org.testng.SuiteRunnerWorker.run(SuiteRunnerWorker.java:85)
	at org.testng.TestNG.runSuitesSequentially(TestNG.java:1197)
	at org.testng.TestNG.runSuitesLocally(TestNG.java:1122)
	at org.testng.TestNG.run(TestNG.java:1030)
	at org.testng.remote.AbstractRemoteTestNG.run(AbstractRemoteTestNG.java:132)
	at org.testng.remote.RemoteTestNG.initAndRun(RemoteTestNG.java:230)
	at org.testng.remote.RemoteTestNG.main(RemoteTestNG.java:76)
</pre></div></td>
<td>0</td>
<td>com.tivo.mavrik.guidedsetup.tests.WelcomePageTest@68c4039c</td></tr>
</table><p>
<table width='100%' border='1' class='invocation-skipped'>
<tr><td colspan='4' align='center'><b>SKIPPED CONFIGURATIONS</b></td></tr>
<tr><td><b>Test method</b></td>
<td width="30%"><b>Exception</b></td>
<td width="10%"><b>Time (seconds)</b></td>
<td><b>Instance</b></td>
</tr>
<tr>
<td title='com.tivo.mavrik.guidedsetup.tests.WelcomePageTest.initReport()'><b>initReport</b><br>Test class: com.tivo.mavrik.guidedsetup.tests.WelcomePageTest</td>
<td></td>
<td>0</td>
<td>com.tivo.mavrik.guidedsetup.tests.WelcomePageTest@68c4039c</td></tr>
<tr>
<td title='com.tivo.mavrik.guidedsetup.tests.WelcomePageTest.initDriver()'><b>initDriver</b><br>Test class: com.tivo.mavrik.guidedsetup.tests.WelcomePageTest</td>
<td></td>
<td>0</td>
<td>com.tivo.mavrik.guidedsetup.tests.WelcomePageTest@68c4039c</td></tr>
<tr>
<td title='com.tivo.mavrik.guidedsetup.tests.WelcomePageTest.initReport()'><b>initReport</b><br>Test class: com.tivo.mavrik.guidedsetup.tests.WelcomePageTest</td>
<td></td>
<td>0</td>
<td>com.tivo.mavrik.guidedsetup.tests.WelcomePageTest@68c4039c</td></tr>
<tr>
<td title='com.tivo.mavrik.guidedsetup.tests.WelcomePageTest.initDriver()'><b>initDriver</b><br>Test class: com.tivo.mavrik.guidedsetup.tests.WelcomePageTest</td>
<td></td>
<td>0</td>
<td>com.tivo.mavrik.guidedsetup.tests.WelcomePageTest@68c4039c</td></tr>
<tr>
<td title='com.tivo.mavrik.guidedsetup.tests.WelcomePageTest.initReport()'><b>initReport</b><br>Test class: com.tivo.mavrik.guidedsetup.tests.WelcomePageTest</td>
<td></td>
<td>0</td>
<td>com.tivo.mavrik.guidedsetup.tests.WelcomePageTest@68c4039c</td></tr>
<tr>
<td title='com.tivo.mavrik.guidedsetup.tests.WelcomePageTest.initDriver()'><b>initDriver</b><br>Test class: com.tivo.mavrik.guidedsetup.tests.WelcomePageTest</td>
<td></td>
<td>0</td>
<td>com.tivo.mavrik.guidedsetup.tests.WelcomePageTest@68c4039c</td></tr>
<tr>
<td title='com.tivo.mavrik.guidedsetup.tests.WelcomePageTest.initReport()'><b>initReport</b><br>Test class: com.tivo.mavrik.guidedsetup.tests.WelcomePageTest</td>
<td></td>
<td>0</td>
<td>com.tivo.mavrik.guidedsetup.tests.WelcomePageTest@68c4039c</td></tr>
<tr>
<td title='com.tivo.mavrik.guidedsetup.tests.CreateAccountPageTest.initDriver()'><b>initDriver</b><br>Test class: com.tivo.mavrik.guidedsetup.tests.CreateAccountPageTest</td>
<td></td>
<td>0</td>
<td>com.tivo.mavrik.guidedsetup.tests.CreateAccountPageTest@224edc67</td></tr>
<tr>
<td title='com.tivo.mavrik.guidedsetup.tests.CreateAccountPageTest.initReport()'><b>initReport</b><br>Test class: com.tivo.mavrik.guidedsetup.tests.CreateAccountPageTest</td>
<td></td>
<td>0</td>
<td>com.tivo.mavrik.guidedsetup.tests.CreateAccountPageTest@224edc67</td></tr>
<tr>
<td title='com.tivo.mavrik.guidedsetup.tests.WelcomePageTest.initDriver()'><b>initDriver</b><br>Test class: com.tivo.mavrik.guidedsetup.tests.WelcomePageTest</td>
<td></td>
<td>0</td>
<td>com.tivo.mavrik.guidedsetup.tests.WelcomePageTest@68c4039c</td></tr>
<tr>
<td title='com.tivo.mavrik.guidedsetup.tests.WelcomePageTest.initReport()'><b>initReport</b><br>Test class: com.tivo.mavrik.guidedsetup.tests.WelcomePageTest</td>
<td></td>
<td>0</td>
<td>com.tivo.mavrik.guidedsetup.tests.WelcomePageTest@68c4039c</td></tr>
<tr>
<td title='com.tivo.mavrik.guidedsetup.tests.WelcomePageTest.provideTestEndDate()'><b>provideTestEndDate</b><br>Test class: com.tivo.mavrik.guidedsetup.tests.WelcomePageTest</td>
<td></td>
<td>0</td>
<td>com.tivo.mavrik.guidedsetup.tests.WelcomePageTest@68c4039c</td></tr>
<tr>
<td title='com.tivo.mavrik.guidedsetup.tests.WelcomePageTest.provideTestEndDate()'><b>provideTestEndDate</b><br>Test class: com.tivo.mavrik.guidedsetup.tests.WelcomePageTest</td>
<td></td>
<td>0</td>
<td>com.tivo.mavrik.guidedsetup.tests.WelcomePageTest@68c4039c</td></tr>
<tr>
<td title='com.tivo.mavrik.guidedsetup.tests.WelcomePageTest.provideTestEndDate()'><b>provideTestEndDate</b><br>Test class: com.tivo.mavrik.guidedsetup.tests.WelcomePageTest</td>
<td></td>
<td>0</td>
<td>com.tivo.mavrik.guidedsetup.tests.WelcomePageTest@68c4039c</td></tr>
<tr>
<td title='com.tivo.mavrik.guidedsetup.tests.WelcomePageTest.provideTestEndDate()'><b>provideTestEndDate</b><br>Test class: com.tivo.mavrik.guidedsetup.tests.WelcomePageTest</td>
<td></td>
<td>0</td>
<td>com.tivo.mavrik.guidedsetup.tests.WelcomePageTest@68c4039c</td></tr>
<tr>
<td title='com.tivo.mavrik.guidedsetup.tests.CreateAccountPageTest.provideTestEndDate()'><b>provideTestEndDate</b><br>Test class: com.tivo.mavrik.guidedsetup.tests.CreateAccountPageTest</td>
<td></td>
<td>0</td>
<td>com.tivo.mavrik.guidedsetup.tests.CreateAccountPageTest@224edc67</td></tr>
<tr>
<td title='com.tivo.mavrik.guidedsetup.tests.WelcomePageTest.provideTestEndDate()'><b>provideTestEndDate</b><br>Test class: com.tivo.mavrik.guidedsetup.tests.WelcomePageTest</td>
<td></td>
<td>0</td>
<td>com.tivo.mavrik.guidedsetup.tests.WelcomePageTest@68c4039c</td></tr>
</table><p>
<table width='100%' border='1' class='invocation-skipped'>
<tr><td colspan='4' align='center'><b>SKIPPED TESTS</b></td></tr>
<tr><td><b>Test method</b></td>
<td width="30%"><b>Exception</b></td>
<td width="10%"><b>Time (seconds)</b></td>
<td><b>Instance</b></td>
</tr>
<tr>
<td title='com.tivo.mavrik.guidedsetup.tests.WelcomePageTest.WelcomePage_validation()'><b>WelcomePage_validation</b><br>Test class: com.tivo.mavrik.guidedsetup.tests.WelcomePageTest<br>Test method: Verify Welcome Page fields<br>Parameters: Iphone6 412x732</td>
<td></td>
<td>0</td>
<td>com.tivo.mavrik.guidedsetup.tests.WelcomePageTest@68c4039c</td></tr>
<tr>
<td title='com.tivo.mavrik.guidedsetup.tests.WelcomePageTest.getCreateAccountPageDump()'><b>getCreateAccountPageDump</b><br>Test class: com.tivo.mavrik.guidedsetup.tests.WelcomePageTest<br>Test method: Create Page dump of Welcome Page<br>Parameters: Iphone6 412x732</td>
<td></td>
<td>0</td>
<td>com.tivo.mavrik.guidedsetup.tests.WelcomePageTest@68c4039c</td></tr>
<tr>
<td title='com.tivo.mavrik.guidedsetup.tests.WelcomePageTest.getProductCatalogPageDump()'><b>getProductCatalogPageDump</b><br>Test class: com.tivo.mavrik.guidedsetup.tests.WelcomePageTest<br>Test method: Create Page dump of Welcome Page<br>Parameters: Iphone6 412x732</td>
<td></td>
<td>0</td>
<td>com.tivo.mavrik.guidedsetup.tests.WelcomePageTest@68c4039c</td></tr>
<tr>
<td title='com.tivo.mavrik.guidedsetup.tests.WelcomePageTest.getShopProductPageDump()'><b>getShopProductPageDump</b><br>Test class: com.tivo.mavrik.guidedsetup.tests.WelcomePageTest<br>Test method: Create Page dump of Welcome Page<br>Parameters: Iphone6 412x732</td>
<td></td>
<td>0</td>
<td>com.tivo.mavrik.guidedsetup.tests.WelcomePageTest@68c4039c</td></tr>
<tr>
<td title='com.tivo.mavrik.guidedsetup.tests.CreateAccountPageTest.verifyCreateAccountPageElements()'><b>verifyCreateAccountPageElements</b><br>Test class: com.tivo.mavrik.guidedsetup.tests.CreateAccountPageTest<br>Test method: Verify Create Account Page Header and Footer<br>Parameters: Iphone6 412x732</td>
<td></td>
<td>0</td>
<td>com.tivo.mavrik.guidedsetup.tests.CreateAccountPageTest@224edc67</td></tr>
<tr>
<td title='com.tivo.mavrik.guidedsetup.tests.WelcomePageTest.verify_Header_Footer_alignment()'><b>verify_Header_Footer_alignment</b><br>Test class: com.tivo.mavrik.guidedsetup.tests.WelcomePageTest<br>Test method: Verify Welcome Page Header and Footer<br>Parameters: Iphone6 412x732</td>
<td></td>
<td>0</td>
<td>com.tivo.mavrik.guidedsetup.tests.WelcomePageTest@68c4039c</td></tr>
</table><p>
</body>
</html>